<?xml version="1.0" encoding="UTF-8"?>
<!-- Generated by org.testng.reporters.JUnitXMLReporter -->
<testsuite hostname="user-PC" ignored="0" name="Second Test" tests="3" failures="0" timestamp="15 Aug 2018 09:39:40 GMT" time="0.044" errors="0">
  <testcase name="testingB" time="0.011" classname="bhanu_Latest_POM_13_AUG_18.CompName.ProjName.B">
    <skipped/>
  </testcase> <!-- testingB -->
  <testcase name="testingB" time="0.002" classname="bhanu_Latest_POM_13_AUG_18.CompName.ProjName.B">
    <skipped/>
  </testcase> <!-- testingB -->
  <testcase name="testingB" time="0.002" classname="bhanu_Latest_POM_13_AUG_18.CompName.ProjName.B"/>
</testsuite> <!-- Second Test -->
