<?xml version="1.0" encoding="UTF-8"?>
<!-- Generated by org.testng.reporters.JUnitXMLReporter -->
<testsuite hostname="user-PC" ignored="0" name="Third Test" tests="3" failures="0" timestamp="15 Aug 2018 09:39:40 GMT" time="0.041" errors="0">
  <testcase name="testingC" time="0.006" classname="bhanu_Latest_POM_13_AUG_18.CompName.ProjName.C">
    <skipped/>
  </testcase> <!-- testingC -->
  <testcase name="testingC" time="0.003" classname="bhanu_Latest_POM_13_AUG_18.CompName.ProjName.C">
    <skipped/>
  </testcase> <!-- testingC -->
  <testcase name="testingC" time="0.006" classname="bhanu_Latest_POM_13_AUG_18.CompName.ProjName.C"/>
</testsuite> <!-- Third Test -->
